<?xml version="1.0" encoding="UTF-8"?>
<!-- Generated by org.testng.reporters.JUnitReportReporter -->
<testsuite hostname="HP-PC" failures="0" tests="1" name="testing.TestHandlingFramesDemoTest" time="121.955" errors="0" timestamp="2023-04-09T12:09:06 IST" skipped="0">
  <testcase classname="testing.TestHandlingFramesDemoTest" name="frameHandling" time="121.955"/>
  <system-out>
    <![CDATA[switching to packagelist frame
clicking on org.openqa.selenium.bidi link
switching to package frame
clicking on BiDiProvider link
switching to class frame]]>
  </system-out>
</testsuite> <!-- testing.TestHandlingFramesDemoTest -->
