<?xml version="1.0" encoding="UTF-8"?>
<!-- Generated by org.testng.reporters.JUnitReportReporter -->
<testsuite hostname="HP-PC" failures="0" tests="1" name="testing.NestedFrames" time="70.451" errors="0" timestamp="2023-04-08T23:38:35 IST" skipped="0">
  <testcase classname="testing.NestedFrames" name="testName" time="70.451"/>
  <system-out/>
</testsuite> <!-- testing.NestedFrames -->
