<?xml version="1.0" encoding="UTF-8"?>
<!-- Generated by org.testng.reporters.JUnitReportReporter -->
<testsuite hostname="HP-PC" failures="0" tests="1" name="testing.HandlingFramesDemo" time="61.745" errors="0" timestamp="2023-04-08T19:05:09 IST" skipped="0">
  <testcase classname="testing.HandlingFramesDemo" name="frameHandling" time="61.745"/>
  <system-out/>
</testsuite> <!-- testing.HandlingFramesDemo -->
