<?xml version="1.0" encoding="UTF-8"?>
<!-- Generated by org.testng.reporters.JUnitReportReporter -->
<testsuite hostname="HP-PC" failures="0" tests="1" name="testing.OpeningChrome" time="54.226" errors="0" timestamp="2023-04-08T17:33:07 IST" skipped="0">
  <testcase classname="testing.OpeningChrome" name="test" time="54.226"/>
  <system-out/>
</testsuite> <!-- testing.OpeningChrome -->
