<?xml version="1.0" encoding="UTF-8"?>
<!-- Generated by org.testng.reporters.JUnitReportReporter -->
<testsuite hostname="HP-PC" failures="0" tests="1" name="testing.VarifyingMenuBarItemsText" time="33.853" errors="0" timestamp="2023-04-09T12:37:16 IST" skipped="0">
  <testcase classname="testing.VarifyingMenuBarItemsText" name="screenShot" time="33.853"/>
  <system-out>
    <![CDATA[Taking screenshot of menu bar items...
Succesfully taken screen shot and store it errorreport folder with timestamp]]>
  </system-out>
</testsuite> <!-- testing.VarifyingMenuBarItemsText -->
